2021-06-03 12:02:28 INFO  Log:10 - startTestCase: verifyLoginexecution Starts
2021-06-03 12:02:29 INFO  Log:18 - User is going to click on signin
2021-06-03 12:02:35 INFO  Log:18 - Enter Username and password
2021-06-03 12:02:48 INFO  Log:18 - Verifying whether user is able to login
2021-06-03 12:02:48 INFO  Log:18 - login is success
2021-06-03 12:02:48 INFO  Log:14 - endTestCase: verifyLoginexecution Ends
2021-06-03 12:30:31 INFO  Log:10 - startTestCase: verifyLoginexecution Starts
2021-06-03 12:30:32 INFO  Log:18 - User is going to click on signin
2021-06-03 12:30:42 INFO  Log:18 - Enter Username and password
2021-06-03 12:30:58 INFO  Log:18 - Verifying whether user is able to login
2021-06-03 12:30:58 INFO  Log:18 - login is success
2021-06-03 12:30:58 INFO  Log:14 - endTestCase: verifyLoginexecution Ends
2021-06-03 12:38:19 INFO  Log:10 - startTestCase: verifyLoginexecution Starts
2021-06-03 12:38:20 INFO  Log:18 - User is going to click on signin
2021-06-03 12:38:31 INFO  Log:18 - Enter Username and password
2021-06-03 12:38:40 INFO  Log:18 - Verifying whether user is able to login
2021-06-03 12:38:40 INFO  Log:18 - login is success
2021-06-03 12:38:40 INFO  Log:14 - endTestCase: verifyLoginexecution Ends
2021-06-03 12:39:06 INFO  Log:10 - startTestCase: verifyLoginexecution Starts
2021-06-03 12:39:06 INFO  Log:18 - User is going to click on signin
2021-06-03 12:48:41 INFO  Log:10 - startTestCase: verifyLoginexecution Starts
2021-06-03 12:48:41 INFO  Log:18 - User is going to click on signin
2021-06-03 12:48:49 INFO  Log:18 - Enter Username and password
2021-06-03 12:48:58 INFO  Log:18 - Verifying whether user is able to login
2021-06-03 12:48:58 INFO  Log:18 - login is success
2021-06-03 12:48:58 INFO  Log:14 - endTestCase: verifyLoginexecution Ends
2021-06-03 12:49:25 INFO  Log:10 - startTestCase: verifyLoginexecution Starts
2021-06-03 12:49:25 INFO  Log:18 - User is going to click on signin
2021-06-03 12:49:37 INFO  Log:18 - Enter Username and password
2021-06-03 12:49:49 INFO  Log:18 - Verifying whether user is able to login
